<?xml version="1.0" encoding="UTF-8"?>
<coverage generated="1679462899333" clover="3.2.0">
  <project timestamp="1679462899334" name="All files">
    <metrics statements="5" coveredstatements="5" conditionals="0" coveredconditionals="0" methods="3" coveredmethods="3" elements="8" coveredelements="8" complexity="0" loc="5" ncloc="5" packages="1" files="1" classes="1"/>
    <file name="calculator.js" path="C:\Users\KEN\Desktop\Home work\ปี 2 เทอม 2\test\jest\test1\calculator.js">
      <metrics statements="5" coveredstatements="5" conditionals="0" coveredconditionals="0" methods="3" coveredmethods="3"/>
      <line num="1" count="1" type="stmt"/>
      <line num="3" count="4" type="stmt"/>
      <line num="7" count="1" type="stmt"/>
      <line num="10" count="1" type="stmt"/>
      <line num="13" count="1" type="stmt"/>
    </file>
  </project>
</coverage>
